  pch.cpp
  2DGCP.cpp
e:\phd_file\related_resources_public_paper\gcp\2dgcp\2dgcp\geometry.h(129): warning C4244: “=”: 从“double”转换到“float”，可能丢失数据
e:\phd_file\related_resources_public_paper\gcp\2dgcp\2dgcp\geometry.h(130): warning C4244: “=”: 从“double”转换到“float”，可能丢失数据
e:\phd_file\related_resources_public_paper\gcp\2dgcp\2dgcp\geometry.h(188): warning C4244: “=”: 从“double”转换到“float”，可能丢失数据
e:\phd_file\related_resources_public_paper\gcp\2dgcp\2dgcp\geometry.h(189): warning C4244: “=”: 从“double”转换到“float”，可能丢失数据
  geometry.cpp
e:\phd_file\related_resources_public_paper\gcp\2dgcp\2dgcp\geometry.h(129): warning C4244: “=”: 从“double”转换到“float”，可能丢失数据
e:\phd_file\related_resources_public_paper\gcp\2dgcp\2dgcp\geometry.h(130): warning C4244: “=”: 从“double”转换到“float”，可能丢失数据
e:\phd_file\related_resources_public_paper\gcp\2dgcp\2dgcp\geometry.h(188): warning C4244: “=”: 从“double”转换到“float”，可能丢失数据
e:\phd_file\related_resources_public_paper\gcp\2dgcp\2dgcp\geometry.h(189): warning C4244: “=”: 从“double”转换到“float”，可能丢失数据
  gridpip.cpp
e:\phd_file\related_resources_public_paper\gcp\2dgcp\2dgcp\geometry.h(129): warning C4244: “=”: 从“double”转换到“float”，可能丢失数据
e:\phd_file\related_resources_public_paper\gcp\2dgcp\2dgcp\geometry.h(130): warning C4244: “=”: 从“double”转换到“float”，可能丢失数据
e:\phd_file\related_resources_public_paper\gcp\2dgcp\2dgcp\geometry.h(188): warning C4244: “=”: 从“double”转换到“float”，可能丢失数据
e:\phd_file\related_resources_public_paper\gcp\2dgcp\2dgcp\geometry.h(189): warning C4244: “=”: 从“double”转换到“float”，可能丢失数据
e:\phd_file\related_resources_public_paper\gcp\2dgcp\2dgcp\gridpip.cpp(128): warning C4244: “=”: 从“std::streamoff”转换到“int”，可能丢失数据
e:\phd_file\related_resources_public_paper\gcp\2dgcp\2dgcp\gridpip.cpp(330): warning C4244: “=”: 从“std::streamoff”转换到“int”，可能丢失数据
e:\phd_file\related_resources_public_paper\gcp\2dgcp\2dgcp\gridpip.cpp(439): warning C4244: “=”: 从“std::streamoff”转换到“int”，可能丢失数据
e:\phd_file\related_resources_public_paper\gcp\2dgcp\2dgcp\gridpip.cpp(444): warning C4101: “temp”: 未引用的局部变量
e:\phd_file\related_resources_public_paper\gcp\2dgcp\2dgcp\gridpip.cpp(593): warning C4244: “初始化”: 从“double”转换到“float”，可能丢失数据
e:\phd_file\related_resources_public_paper\gcp\2dgcp\2dgcp\gridpip.cpp(594): warning C4244: “初始化”: 从“double”转换到“float”，可能丢失数据
e:\phd_file\related_resources_public_paper\gcp\2dgcp\2dgcp\gridpip.cpp(607): warning C4244: “初始化”: 从“double”转换到“float”，可能丢失数据
e:\phd_file\related_resources_public_paper\gcp\2dgcp\2dgcp\gridpip.cpp(608): warning C4244: “初始化”: 从“double”转换到“float”，可能丢失数据
e:\phd_file\related_resources_public_paper\gcp\2dgcp\2dgcp\gridpip.cpp(609): warning C4244: “=”: 从“double”转换到“int”，可能丢失数据
e:\phd_file\related_resources_public_paper\gcp\2dgcp\2dgcp\gridpip.cpp(610): warning C4244: “=”: 从“double”转换到“int”，可能丢失数据
e:\phd_file\related_resources_public_paper\gcp\2dgcp\2dgcp\gridpip.cpp(616): warning C4244: “初始化”: 从“double”转换到“float”，可能丢失数据
e:\phd_file\related_resources_public_paper\gcp\2dgcp\2dgcp\gridpip.cpp(617): warning C4244: “初始化”: 从“double”转换到“float”，可能丢失数据
e:\phd_file\related_resources_public_paper\gcp\2dgcp\2dgcp\gridpip.cpp(623): warning C4244: “初始化”: 从“double”转换到“float”，可能丢失数据
e:\phd_file\related_resources_public_paper\gcp\2dgcp\2dgcp\gridpip.cpp(627): warning C4244: “=”: 从“float”转换到“int”，可能丢失数据
e:\phd_file\related_resources_public_paper\gcp\2dgcp\2dgcp\gridpip.cpp(628): warning C4244: “=”: 从“float”转换到“int”，可能丢失数据
e:\phd_file\related_resources_public_paper\gcp\2dgcp\2dgcp\gridpip.cpp(630): warning C4244: “=”: 从“double”转换到“float”，可能丢失数据
e:\phd_file\related_resources_public_paper\gcp\2dgcp\2dgcp\gridpip.cpp(634): warning C4244: “=”: 从“float”转换到“int”，可能丢失数据
e:\phd_file\related_resources_public_paper\gcp\2dgcp\2dgcp\gridpip.cpp(635): warning C4244: “=”: 从“float”转换到“int”，可能丢失数据
e:\phd_file\related_resources_public_paper\gcp\2dgcp\2dgcp\gridpip.cpp(637): warning C4244: “=”: 从“float”转换到“int”，可能丢失数据
e:\phd_file\related_resources_public_paper\gcp\2dgcp\2dgcp\gridpip.cpp(644): warning C4244: “=”: 从“double”转换到“int”，可能丢失数据
e:\phd_file\related_resources_public_paper\gcp\2dgcp\2dgcp\gridpip.cpp(645): warning C4244: “=”: 从“double”转换到“int”，可能丢失数据
e:\phd_file\related_resources_public_paper\gcp\2dgcp\2dgcp\gridpip.cpp(615): warning C4101: “Mo”: 未引用的局部变量
e:\phd_file\related_resources_public_paper\gcp\2dgcp\2dgcp\gridpip.cpp(1067): warning C4101: “temp”: 未引用的局部变量
e:\phd_file\related_resources_public_paper\gcp\2dgcp\2dgcp\gridpip.cpp(1471): warning C4101: “temp”: 未引用的局部变量
e:\phd_file\related_resources_public_paper\gcp\2dgcp\2dgcp\gridpip.cpp(2250): warning C4244: “初始化”: 从“double”转换到“float”，可能丢失数据
e:\phd_file\related_resources_public_paper\gcp\2dgcp\2dgcp\gridpip.cpp(2251): warning C4244: “初始化”: 从“double”转换到“float”，可能丢失数据
e:\phd_file\related_resources_public_paper\gcp\2dgcp\2dgcp\gridpip.cpp(2253): warning C4244: “=”: 从“double”转换到“float”，可能丢失数据
e:\phd_file\related_resources_public_paper\gcp\2dgcp\2dgcp\gridpip.cpp(2254): warning C4244: “=”: 从“double”转换到“float”，可能丢失数据
e:\phd_file\related_resources_public_paper\gcp\2dgcp\2dgcp\gridpip.cpp(2260): warning C4244: “初始化”: 从“float”转换到“int”，可能丢失数据
e:\phd_file\related_resources_public_paper\gcp\2dgcp\2dgcp\gridpip.cpp(2450): warning C4244: “初始化”: 从“double”转换到“float”，可能丢失数据
e:\phd_file\related_resources_public_paper\gcp\2dgcp\2dgcp\gridpip.cpp(2451): warning C4244: “初始化”: 从“double”转换到“float”，可能丢失数据
e:\phd_file\related_resources_public_paper\gcp\2dgcp\2dgcp\gridpip.cpp(2454): warning C4244: “初始化”: 从“double”转换到“float”，可能丢失数据
e:\phd_file\related_resources_public_paper\gcp\2dgcp\2dgcp\gridpip.cpp(2512): warning C4477: “fprintf”: 格式字符串“%s”需要类型“char *”的参数，但可变参数 1 拥有了类型“TCHAR *”
  e:\phd_file\related_resources_public_paper\gcp\2dgcp\2dgcp\gridpip.cpp(2512): note: 请考虑在格式字符串中使用“%ls”
  e:\phd_file\related_resources_public_paper\gcp\2dgcp\2dgcp\gridpip.cpp(2512): note: 请考虑在格式字符串中使用“%lls”
  e:\phd_file\related_resources_public_paper\gcp\2dgcp\2dgcp\gridpip.cpp(2512): note: 请考虑在格式字符串中使用“%Ls”
  e:\phd_file\related_resources_public_paper\gcp\2dgcp\2dgcp\gridpip.cpp(2512): note: 请考虑在格式字符串中使用“%ws”
e:\phd_file\related_resources_public_paper\gcp\2dgcp\2dgcp\gridpip.cpp(2566): warning C4244: “初始化”: 从“double”转换到“int”，可能丢失数据
e:\phd_file\related_resources_public_paper\gcp\2dgcp\2dgcp\gridpip.cpp(2699): warning C4244: “初始化”: 从“double”转换到“int”，可能丢失数据
e:\phd_file\related_resources_public_paper\gcp\2dgcp\2dgcp\gridpip.cpp(3631): warning C4305: “初始化”: 从“double”到“float”截断
e:\phd_file\related_resources_public_paper\gcp\2dgcp\2dgcp\gridpip.cpp(3633): warning C4244: “=”: 从“double”转换到“float”，可能丢失数据
e:\phd_file\related_resources_public_paper\gcp\2dgcp\2dgcp\gridpip.cpp(3634): warning C4244: “=”: 从“double”转换到“float”，可能丢失数据
e:\phd_file\related_resources_public_paper\gcp\2dgcp\2dgcp\gridpip.cpp(3700): warning C4244: “初始化”: 从“double”转换到“float”，可能丢失数据
e:\phd_file\related_resources_public_paper\gcp\2dgcp\2dgcp\gridpip.cpp(3701): warning C4244: “初始化”: 从“double”转换到“float”，可能丢失数据
e:\phd_file\related_resources_public_paper\gcp\2dgcp\2dgcp\gridpip.cpp(3703): warning C4244: “初始化”: 从“double”转换到“float”，可能丢失数据
e:\phd_file\related_resources_public_paper\gcp\2dgcp\2dgcp\gridpip.cpp(3704): warning C4244: “初始化”: 从“double”转换到“float”，可能丢失数据
e:\phd_file\related_resources_public_paper\gcp\2dgcp\2dgcp\gridpip.cpp(3742): warning C4244: “=”: 从“double”转换到“int”，可能丢失数据
e:\phd_file\related_resources_public_paper\gcp\2dgcp\2dgcp\gridpip.cpp(3743): warning C4244: “=”: 从“double”转换到“int”，可能丢失数据
e:\phd_file\related_resources_public_paper\gcp\2dgcp\2dgcp\gridpip.cpp(3748): warning C4244: “=”: 从“double”转换到“int”，可能丢失数据
e:\phd_file\related_resources_public_paper\gcp\2dgcp\2dgcp\gridpip.cpp(3749): warning C4244: “=”: 从“double”转换到“int”，可能丢失数据
e:\phd_file\related_resources_public_paper\gcp\2dgcp\2dgcp\gridpip.cpp(3779): warning C4244: “=”: 从“float”转换到“int”，可能丢失数据
e:\phd_file\related_resources_public_paper\gcp\2dgcp\2dgcp\gridpip.cpp(3787): warning C4244: “+=”: 从“double”转换到“float”，可能丢失数据
e:\phd_file\related_resources_public_paper\gcp\2dgcp\2dgcp\gridpip.cpp(3788): warning C4244: “+=”: 从“double”转换到“float”，可能丢失数据
e:\phd_file\related_resources_public_paper\gcp\2dgcp\2dgcp\gridpip.cpp(3793): warning C4244: “=”: 从“float”转换到“int”，可能丢失数据
e:\phd_file\related_resources_public_paper\gcp\2dgcp\2dgcp\gridpip.cpp(3959): warning C4244: “初始化”: 从“double”转换到“float”，可能丢失数据
e:\phd_file\related_resources_public_paper\gcp\2dgcp\2dgcp\gridpip.cpp(3960): warning C4244: “初始化”: 从“double”转换到“float”，可能丢失数据
e:\phd_file\related_resources_public_paper\gcp\2dgcp\2dgcp\gridpip.cpp(3965): warning C4305: “初始化”: 从“double”到“float”截断
e:\phd_file\related_resources_public_paper\gcp\2dgcp\2dgcp\gridpip.cpp(3987): warning C4244: “=”: 从“double”转换到“float”，可能丢失数据
e:\phd_file\related_resources_public_paper\gcp\2dgcp\2dgcp\gridpip.cpp(3994): warning C4244: “=”: 从“double”转换到“float”，可能丢失数据
e:\phd_file\related_resources_public_paper\gcp\2dgcp\2dgcp\gridpip.cpp(4001): warning C4244: “=”: 从“double”转换到“float”，可能丢失数据
e:\phd_file\related_resources_public_paper\gcp\2dgcp\2dgcp\gridpip.cpp(4008): warning C4244: “=”: 从“double”转换到“float”，可能丢失数据
e:\phd_file\related_resources_public_paper\gcp\2dgcp\2dgcp\gridpip.cpp(4017): warning C4244: “=”: 从“double”转换到“float”，可能丢失数据
e:\phd_file\related_resources_public_paper\gcp\2dgcp\2dgcp\gridpip.cpp(4024): warning C4244: “=”: 从“double”转换到“float”，可能丢失数据
e:\phd_file\related_resources_public_paper\gcp\2dgcp\2dgcp\gridpip.cpp(4031): warning C4244: “=”: 从“double”转换到“float”，可能丢失数据
e:\phd_file\related_resources_public_paper\gcp\2dgcp\2dgcp\gridpip.cpp(4038): warning C4244: “=”: 从“double”转换到“float”，可能丢失数据
e:\phd_file\related_resources_public_paper\gcp\2dgcp\2dgcp\gridpip.cpp(4047): warning C4244: “=”: 从“double”转换到“float”，可能丢失数据
e:\phd_file\related_resources_public_paper\gcp\2dgcp\2dgcp\gridpip.cpp(4054): warning C4244: “=”: 从“double”转换到“float”，可能丢失数据
e:\phd_file\related_resources_public_paper\gcp\2dgcp\2dgcp\gridpip.cpp(4061): warning C4244: “=”: 从“double”转换到“float”，可能丢失数据
e:\phd_file\related_resources_public_paper\gcp\2dgcp\2dgcp\gridpip.cpp(4068): warning C4244: “=”: 从“double”转换到“float”，可能丢失数据
e:\phd_file\related_resources_public_paper\gcp\2dgcp\2dgcp\gridpip.cpp(4077): warning C4244: “=”: 从“double”转换到“float”，可能丢失数据
e:\phd_file\related_resources_public_paper\gcp\2dgcp\2dgcp\gridpip.cpp(4084): warning C4244: “=”: 从“double”转换到“float”，可能丢失数据
e:\phd_file\related_resources_public_paper\gcp\2dgcp\2dgcp\gridpip.cpp(4091): warning C4244: “=”: 从“double”转换到“float”，可能丢失数据
e:\phd_file\related_resources_public_paper\gcp\2dgcp\2dgcp\gridpip.cpp(4098): warning C4244: “=”: 从“double”转换到“float”，可能丢失数据
  stdafx.cpp
  正在生成代码
  All 223 functions were compiled because no usable IPDB/IOBJ from previous compilation was found.
  已完成代码的生成
  2DGCP.vcxproj -> E:\PHD_FILE\Related_Resources_Public_Paper\GCP\2DGCP\Release\2DGCP.exe
