  2DGCP.cpp
e:\phd_file\related_resources_public_paper\gcp\2dgcp\2dgcp\geometry.h(172): warning C4244: “=”: 从“double”转换到“float”，可能丢失数据
e:\phd_file\related_resources_public_paper\gcp\2dgcp\2dgcp\geometry.h(173): warning C4244: “=”: 从“double”转换到“float”，可能丢失数据
e:\phd_file\related_resources_public_paper\gcp\2dgcp\2dgcp\geometry.h(174): warning C4244: “return”: 从“int”转换到“float”，可能丢失数据
e:\phd_file\related_resources_public_paper\gcp\2dgcp\2dgcp\geometry.h(180): warning C4244: “=”: 从“double”转换到“float”，可能丢失数据
e:\phd_file\related_resources_public_paper\gcp\2dgcp\2dgcp\geometry.h(181): warning C4244: “=”: 从“double”转换到“float”，可能丢失数据
e:\phd_file\related_resources_public_paper\gcp\2dgcp\2dgcp\geometry.h(239): warning C4244: “=”: 从“double”转换到“float”，可能丢失数据
e:\phd_file\related_resources_public_paper\gcp\2dgcp\2dgcp\geometry.h(240): warning C4244: “=”: 从“double”转换到“float”，可能丢失数据
  2DRGP.cpp
e:\phd_file\related_resources_public_paper\gcp\2dgcp\2dgcp\geometry.h(172): warning C4244: “=”: 从“double”转换到“float”，可能丢失数据
e:\phd_file\related_resources_public_paper\gcp\2dgcp\2dgcp\geometry.h(173): warning C4244: “=”: 从“double”转换到“float”，可能丢失数据
e:\phd_file\related_resources_public_paper\gcp\2dgcp\2dgcp\geometry.h(174): warning C4244: “return”: 从“int”转换到“float”，可能丢失数据
e:\phd_file\related_resources_public_paper\gcp\2dgcp\2dgcp\geometry.h(180): warning C4244: “=”: 从“double”转换到“float”，可能丢失数据
e:\phd_file\related_resources_public_paper\gcp\2dgcp\2dgcp\geometry.h(181): warning C4244: “=”: 从“double”转换到“float”，可能丢失数据
e:\phd_file\related_resources_public_paper\gcp\2dgcp\2dgcp\geometry.h(239): warning C4244: “=”: 从“double”转换到“float”，可能丢失数据
e:\phd_file\related_resources_public_paper\gcp\2dgcp\2dgcp\geometry.h(240): warning C4244: “=”: 从“double”转换到“float”，可能丢失数据
  geometry.cpp
e:\phd_file\related_resources_public_paper\gcp\2dgcp\2dgcp\geometry.h(172): warning C4244: “=”: 从“double”转换到“float”，可能丢失数据
e:\phd_file\related_resources_public_paper\gcp\2dgcp\2dgcp\geometry.h(173): warning C4244: “=”: 从“double”转换到“float”，可能丢失数据
e:\phd_file\related_resources_public_paper\gcp\2dgcp\2dgcp\geometry.h(174): warning C4244: “return”: 从“int”转换到“float”，可能丢失数据
e:\phd_file\related_resources_public_paper\gcp\2dgcp\2dgcp\geometry.h(180): warning C4244: “=”: 从“double”转换到“float”，可能丢失数据
e:\phd_file\related_resources_public_paper\gcp\2dgcp\2dgcp\geometry.h(181): warning C4244: “=”: 从“double”转换到“float”，可能丢失数据
e:\phd_file\related_resources_public_paper\gcp\2dgcp\2dgcp\geometry.h(239): warning C4244: “=”: 从“double”转换到“float”，可能丢失数据
e:\phd_file\related_resources_public_paper\gcp\2dgcp\2dgcp\geometry.h(240): warning C4244: “=”: 从“double”转换到“float”，可能丢失数据
  gridpip.cpp
e:\phd_file\related_resources_public_paper\gcp\2dgcp\2dgcp\geometry.h(172): warning C4244: “=”: 从“double”转换到“float”，可能丢失数据
e:\phd_file\related_resources_public_paper\gcp\2dgcp\2dgcp\geometry.h(173): warning C4244: “=”: 从“double”转换到“float”，可能丢失数据
e:\phd_file\related_resources_public_paper\gcp\2dgcp\2dgcp\geometry.h(174): warning C4244: “return”: 从“int”转换到“float”，可能丢失数据
e:\phd_file\related_resources_public_paper\gcp\2dgcp\2dgcp\geometry.h(180): warning C4244: “=”: 从“double”转换到“float”，可能丢失数据
e:\phd_file\related_resources_public_paper\gcp\2dgcp\2dgcp\geometry.h(181): warning C4244: “=”: 从“double”转换到“float”，可能丢失数据
e:\phd_file\related_resources_public_paper\gcp\2dgcp\2dgcp\geometry.h(239): warning C4244: “=”: 从“double”转换到“float”，可能丢失数据
e:\phd_file\related_resources_public_paper\gcp\2dgcp\2dgcp\geometry.h(240): warning C4244: “=”: 从“double”转换到“float”，可能丢失数据
e:\phd_file\related_resources_public_paper\gcp\2dgcp\2dgcp\gridpip.cpp(168): warning C4244: “=”: 从“std::streamoff”转换到“int”，可能丢失数据
e:\phd_file\related_resources_public_paper\gcp\2dgcp\2dgcp\gridpip.cpp(370): warning C4244: “=”: 从“std::streamoff”转换到“int”，可能丢失数据
e:\phd_file\related_resources_public_paper\gcp\2dgcp\2dgcp\gridpip.cpp(479): warning C4244: “=”: 从“std::streamoff”转换到“int”，可能丢失数据
e:\phd_file\related_resources_public_paper\gcp\2dgcp\2dgcp\gridpip.cpp(484): warning C4101: “temp”: 未引用的局部变量
e:\phd_file\related_resources_public_paper\gcp\2dgcp\2dgcp\gridpip.cpp(632): warning C4244: “初始化”: 从“double”转换到“float”，可能丢失数据
e:\phd_file\related_resources_public_paper\gcp\2dgcp\2dgcp\gridpip.cpp(633): warning C4244: “初始化”: 从“double”转换到“float”，可能丢失数据
e:\phd_file\related_resources_public_paper\gcp\2dgcp\2dgcp\gridpip.cpp(653): warning C4244: “初始化”: 从“double”转换到“float”，可能丢失数据
e:\phd_file\related_resources_public_paper\gcp\2dgcp\2dgcp\gridpip.cpp(654): warning C4244: “初始化”: 从“double”转换到“float”，可能丢失数据
e:\phd_file\related_resources_public_paper\gcp\2dgcp\2dgcp\gridpip.cpp(655): warning C4244: “=”: 从“double”转换到“int”，可能丢失数据
e:\phd_file\related_resources_public_paper\gcp\2dgcp\2dgcp\gridpip.cpp(656): warning C4244: “=”: 从“double”转换到“int”，可能丢失数据
e:\phd_file\related_resources_public_paper\gcp\2dgcp\2dgcp\gridpip.cpp(662): warning C4244: “初始化”: 从“double”转换到“float”，可能丢失数据
e:\phd_file\related_resources_public_paper\gcp\2dgcp\2dgcp\gridpip.cpp(663): warning C4244: “初始化”: 从“double”转换到“float”，可能丢失数据
e:\phd_file\related_resources_public_paper\gcp\2dgcp\2dgcp\gridpip.cpp(669): warning C4244: “初始化”: 从“double”转换到“float”，可能丢失数据
e:\phd_file\related_resources_public_paper\gcp\2dgcp\2dgcp\gridpip.cpp(673): warning C4244: “=”: 从“float”转换到“int”，可能丢失数据
e:\phd_file\related_resources_public_paper\gcp\2dgcp\2dgcp\gridpip.cpp(674): warning C4244: “=”: 从“float”转换到“int”，可能丢失数据
e:\phd_file\related_resources_public_paper\gcp\2dgcp\2dgcp\gridpip.cpp(676): warning C4244: “=”: 从“double”转换到“float”，可能丢失数据
e:\phd_file\related_resources_public_paper\gcp\2dgcp\2dgcp\gridpip.cpp(680): warning C4244: “=”: 从“float”转换到“int”，可能丢失数据
e:\phd_file\related_resources_public_paper\gcp\2dgcp\2dgcp\gridpip.cpp(681): warning C4244: “=”: 从“float”转换到“int”，可能丢失数据
e:\phd_file\related_resources_public_paper\gcp\2dgcp\2dgcp\gridpip.cpp(683): warning C4244: “=”: 从“float”转换到“int”，可能丢失数据
e:\phd_file\related_resources_public_paper\gcp\2dgcp\2dgcp\gridpip.cpp(690): warning C4244: “=”: 从“double”转换到“int”，可能丢失数据
e:\phd_file\related_resources_public_paper\gcp\2dgcp\2dgcp\gridpip.cpp(691): warning C4244: “=”: 从“double”转换到“int”，可能丢失数据
e:\phd_file\related_resources_public_paper\gcp\2dgcp\2dgcp\gridpip.cpp(661): warning C4101: “Mo”: 未引用的局部变量
e:\phd_file\related_resources_public_paper\gcp\2dgcp\2dgcp\gridpip.cpp(830): warning C4244: “初始化”: 从“double”转换到“float”，可能丢失数据
e:\phd_file\related_resources_public_paper\gcp\2dgcp\2dgcp\gridpip.cpp(831): warning C4244: “初始化”: 从“double”转换到“float”，可能丢失数据
e:\phd_file\related_resources_public_paper\gcp\2dgcp\2dgcp\gridpip.cpp(851): warning C4244: “初始化”: 从“double”转换到“float”，可能丢失数据
e:\phd_file\related_resources_public_paper\gcp\2dgcp\2dgcp\gridpip.cpp(852): warning C4244: “初始化”: 从“double”转换到“float”，可能丢失数据
e:\phd_file\related_resources_public_paper\gcp\2dgcp\2dgcp\gridpip.cpp(853): warning C4244: “=”: 从“double”转换到“int”，可能丢失数据
e:\phd_file\related_resources_public_paper\gcp\2dgcp\2dgcp\gridpip.cpp(854): warning C4244: “=”: 从“double”转换到“int”，可能丢失数据
e:\phd_file\related_resources_public_paper\gcp\2dgcp\2dgcp\gridpip.cpp(860): warning C4244: “初始化”: 从“double”转换到“float”，可能丢失数据
e:\phd_file\related_resources_public_paper\gcp\2dgcp\2dgcp\gridpip.cpp(861): warning C4244: “初始化”: 从“double”转换到“float”，可能丢失数据
e:\phd_file\related_resources_public_paper\gcp\2dgcp\2dgcp\gridpip.cpp(867): warning C4244: “初始化”: 从“double”转换到“float”，可能丢失数据
e:\phd_file\related_resources_public_paper\gcp\2dgcp\2dgcp\gridpip.cpp(871): warning C4244: “=”: 从“float”转换到“int”，可能丢失数据
e:\phd_file\related_resources_public_paper\gcp\2dgcp\2dgcp\gridpip.cpp(872): warning C4244: “=”: 从“float”转换到“int”，可能丢失数据
e:\phd_file\related_resources_public_paper\gcp\2dgcp\2dgcp\gridpip.cpp(874): warning C4244: “=”: 从“double”转换到“float”，可能丢失数据
e:\phd_file\related_resources_public_paper\gcp\2dgcp\2dgcp\gridpip.cpp(878): warning C4244: “=”: 从“float”转换到“int”，可能丢失数据
e:\phd_file\related_resources_public_paper\gcp\2dgcp\2dgcp\gridpip.cpp(879): warning C4244: “=”: 从“float”转换到“int”，可能丢失数据
e:\phd_file\related_resources_public_paper\gcp\2dgcp\2dgcp\gridpip.cpp(881): warning C4244: “=”: 从“float”转换到“int”，可能丢失数据
e:\phd_file\related_resources_public_paper\gcp\2dgcp\2dgcp\gridpip.cpp(888): warning C4244: “=”: 从“double”转换到“int”，可能丢失数据
e:\phd_file\related_resources_public_paper\gcp\2dgcp\2dgcp\gridpip.cpp(889): warning C4244: “=”: 从“double”转换到“int”，可能丢失数据
e:\phd_file\related_resources_public_paper\gcp\2dgcp\2dgcp\gridpip.cpp(859): warning C4101: “Mo”: 未引用的局部变量
e:\phd_file\related_resources_public_paper\gcp\2dgcp\2dgcp\gridpip.cpp(1028): warning C4244: “初始化”: 从“double”转换到“float”，可能丢失数据
e:\phd_file\related_resources_public_paper\gcp\2dgcp\2dgcp\gridpip.cpp(1029): warning C4244: “初始化”: 从“double”转换到“float”，可能丢失数据
e:\phd_file\related_resources_public_paper\gcp\2dgcp\2dgcp\gridpip.cpp(1046): warning C4244: “初始化”: 从“double”转换到“float”，可能丢失数据
e:\phd_file\related_resources_public_paper\gcp\2dgcp\2dgcp\gridpip.cpp(1047): warning C4244: “初始化”: 从“double”转换到“float”，可能丢失数据
e:\phd_file\related_resources_public_paper\gcp\2dgcp\2dgcp\gridpip.cpp(1048): warning C4244: “=”: 从“double”转换到“int”，可能丢失数据
e:\phd_file\related_resources_public_paper\gcp\2dgcp\2dgcp\gridpip.cpp(1049): warning C4244: “=”: 从“double”转换到“int”，可能丢失数据
e:\phd_file\related_resources_public_paper\gcp\2dgcp\2dgcp\gridpip.cpp(1055): warning C4244: “初始化”: 从“double”转换到“float”，可能丢失数据
e:\phd_file\related_resources_public_paper\gcp\2dgcp\2dgcp\gridpip.cpp(1056): warning C4244: “初始化”: 从“double”转换到“float”，可能丢失数据
e:\phd_file\related_resources_public_paper\gcp\2dgcp\2dgcp\gridpip.cpp(1062): warning C4244: “初始化”: 从“double”转换到“float”，可能丢失数据
e:\phd_file\related_resources_public_paper\gcp\2dgcp\2dgcp\gridpip.cpp(1066): warning C4244: “=”: 从“float”转换到“int”，可能丢失数据
e:\phd_file\related_resources_public_paper\gcp\2dgcp\2dgcp\gridpip.cpp(1067): warning C4244: “=”: 从“float”转换到“int”，可能丢失数据
e:\phd_file\related_resources_public_paper\gcp\2dgcp\2dgcp\gridpip.cpp(1069): warning C4244: “=”: 从“double”转换到“float”，可能丢失数据
e:\phd_file\related_resources_public_paper\gcp\2dgcp\2dgcp\gridpip.cpp(1073): warning C4244: “=”: 从“float”转换到“int”，可能丢失数据
e:\phd_file\related_resources_public_paper\gcp\2dgcp\2dgcp\gridpip.cpp(1074): warning C4244: “=”: 从“float”转换到“int”，可能丢失数据
e:\phd_file\related_resources_public_paper\gcp\2dgcp\2dgcp\gridpip.cpp(1076): warning C4244: “=”: 从“float”转换到“int”，可能丢失数据
e:\phd_file\related_resources_public_paper\gcp\2dgcp\2dgcp\gridpip.cpp(1083): warning C4244: “=”: 从“double”转换到“int”，可能丢失数据
e:\phd_file\related_resources_public_paper\gcp\2dgcp\2dgcp\gridpip.cpp(1084): warning C4244: “=”: 从“double”转换到“int”，可能丢失数据
e:\phd_file\related_resources_public_paper\gcp\2dgcp\2dgcp\gridpip.cpp(1054): warning C4101: “Mo”: 未引用的局部变量
e:\phd_file\related_resources_public_paper\gcp\2dgcp\2dgcp\gridpip.cpp(1278): warning C4244: “初始化”: 从“double”转换到“float”，可能丢失数据
e:\phd_file\related_resources_public_paper\gcp\2dgcp\2dgcp\gridpip.cpp(1279): warning C4244: “初始化”: 从“double”转换到“float”，可能丢失数据
e:\phd_file\related_resources_public_paper\gcp\2dgcp\2dgcp\gridpip.cpp(1299): warning C4244: “初始化”: 从“double”转换到“float”，可能丢失数据
e:\phd_file\related_resources_public_paper\gcp\2dgcp\2dgcp\gridpip.cpp(1300): warning C4244: “初始化”: 从“double”转换到“float”，可能丢失数据
e:\phd_file\related_resources_public_paper\gcp\2dgcp\2dgcp\gridpip.cpp(1301): warning C4244: “=”: 从“double”转换到“int”，可能丢失数据
e:\phd_file\related_resources_public_paper\gcp\2dgcp\2dgcp\gridpip.cpp(1302): warning C4244: “=”: 从“double”转换到“int”，可能丢失数据
e:\phd_file\related_resources_public_paper\gcp\2dgcp\2dgcp\gridpip.cpp(1308): warning C4244: “初始化”: 从“double”转换到“float”，可能丢失数据
e:\phd_file\related_resources_public_paper\gcp\2dgcp\2dgcp\gridpip.cpp(1309): warning C4244: “初始化”: 从“double”转换到“float”，可能丢失数据
e:\phd_file\related_resources_public_paper\gcp\2dgcp\2dgcp\gridpip.cpp(1315): warning C4244: “初始化”: 从“double”转换到“float”，可能丢失数据
e:\phd_file\related_resources_public_paper\gcp\2dgcp\2dgcp\gridpip.cpp(1319): warning C4244: “=”: 从“float”转换到“int”，可能丢失数据
e:\phd_file\related_resources_public_paper\gcp\2dgcp\2dgcp\gridpip.cpp(1320): warning C4244: “=”: 从“float”转换到“int”，可能丢失数据
e:\phd_file\related_resources_public_paper\gcp\2dgcp\2dgcp\gridpip.cpp(1322): warning C4244: “=”: 从“double”转换到“float”，可能丢失数据
e:\phd_file\related_resources_public_paper\gcp\2dgcp\2dgcp\gridpip.cpp(1326): warning C4244: “=”: 从“float”转换到“int”，可能丢失数据
e:\phd_file\related_resources_public_paper\gcp\2dgcp\2dgcp\gridpip.cpp(1327): warning C4244: “=”: 从“float”转换到“int”，可能丢失数据
e:\phd_file\related_resources_public_paper\gcp\2dgcp\2dgcp\gridpip.cpp(1329): warning C4244: “=”: 从“float”转换到“int”，可能丢失数据
e:\phd_file\related_resources_public_paper\gcp\2dgcp\2dgcp\gridpip.cpp(1336): warning C4244: “=”: 从“double”转换到“int”，可能丢失数据
e:\phd_file\related_resources_public_paper\gcp\2dgcp\2dgcp\gridpip.cpp(1337): warning C4244: “=”: 从“double”转换到“int”，可能丢失数据
e:\phd_file\related_resources_public_paper\gcp\2dgcp\2dgcp\gridpip.cpp(1307): warning C4101: “Mo”: 未引用的局部变量
e:\phd_file\related_resources_public_paper\gcp\2dgcp\2dgcp\gridpip.cpp(1989): warning C4244: “=”: 从“__int64”转换到“int”，可能丢失数据
e:\phd_file\related_resources_public_paper\gcp\2dgcp\2dgcp\gridpip.cpp(2124): warning C4101: “temp”: 未引用的局部变量
e:\phd_file\related_resources_public_paper\gcp\2dgcp\2dgcp\gridpip.cpp(2899): warning C4244: “=”: 从“__int64”转换到“int”，可能丢失数据
e:\phd_file\related_resources_public_paper\gcp\2dgcp\2dgcp\gridpip.cpp(2528): warning C4101: “temp”: 未引用的局部变量
e:\phd_file\related_resources_public_paper\gcp\2dgcp\2dgcp\gridpip.cpp(3113): warning C4244: “=”: 从“double”转换到“int”，可能丢失数据
e:\phd_file\related_resources_public_paper\gcp\2dgcp\2dgcp\gridpip.cpp(3119): warning C4244: “=”: 从“double”转换到“int”，可能丢失数据
e:\phd_file\related_resources_public_paper\gcp\2dgcp\2dgcp\gridpip.cpp(3484): warning C4267: “初始化”: 从“size_t”转换到“int”，可能丢失数据
e:\phd_file\related_resources_public_paper\gcp\2dgcp\2dgcp\gridpip.cpp(4225): warning C4101: “cell_index_f”: 未引用的局部变量
e:\phd_file\related_resources_public_paper\gcp\2dgcp\2dgcp\gridpip.cpp(5176): warning C4244: “初始化”: 从“double”转换到“float”，可能丢失数据
e:\phd_file\related_resources_public_paper\gcp\2dgcp\2dgcp\gridpip.cpp(5177): warning C4244: “初始化”: 从“double”转换到“float”，可能丢失数据
e:\phd_file\related_resources_public_paper\gcp\2dgcp\2dgcp\gridpip.cpp(5179): warning C4244: “=”: 从“double”转换到“float”，可能丢失数据
e:\phd_file\related_resources_public_paper\gcp\2dgcp\2dgcp\gridpip.cpp(5180): warning C4244: “=”: 从“double”转换到“float”，可能丢失数据
e:\phd_file\related_resources_public_paper\gcp\2dgcp\2dgcp\gridpip.cpp(5186): warning C4244: “初始化”: 从“float”转换到“int”，可能丢失数据
e:\phd_file\related_resources_public_paper\gcp\2dgcp\2dgcp\gridpip.cpp(5523): warning C4244: “初始化”: 从“double”转换到“float”，可能丢失数据
e:\phd_file\related_resources_public_paper\gcp\2dgcp\2dgcp\gridpip.cpp(5524): warning C4244: “初始化”: 从“double”转换到“float”，可能丢失数据
e:\phd_file\related_resources_public_paper\gcp\2dgcp\2dgcp\gridpip.cpp(5527): warning C4244: “初始化”: 从“double”转换到“float”，可能丢失数据
e:\phd_file\related_resources_public_paper\gcp\2dgcp\2dgcp\gridpip.cpp(5585): warning C4477: “fprintf”: 格式字符串“%s”需要类型“char *”的参数，但可变参数 1 拥有了类型“TCHAR *”
  e:\phd_file\related_resources_public_paper\gcp\2dgcp\2dgcp\gridpip.cpp(5585): note: 请考虑在格式字符串中使用“%ls”
  e:\phd_file\related_resources_public_paper\gcp\2dgcp\2dgcp\gridpip.cpp(5585): note: 请考虑在格式字符串中使用“%lls”
  e:\phd_file\related_resources_public_paper\gcp\2dgcp\2dgcp\gridpip.cpp(5585): note: 请考虑在格式字符串中使用“%Ls”
  e:\phd_file\related_resources_public_paper\gcp\2dgcp\2dgcp\gridpip.cpp(5585): note: 请考虑在格式字符串中使用“%ws”
e:\phd_file\related_resources_public_paper\gcp\2dgcp\2dgcp\gridpip.cpp(5639): warning C4244: “初始化”: 从“double”转换到“int”，可能丢失数据
e:\phd_file\related_resources_public_paper\gcp\2dgcp\2dgcp\gridpip.cpp(5772): warning C4244: “初始化”: 从“double”转换到“int”，可能丢失数据
e:\phd_file\related_resources_public_paper\gcp\2dgcp\2dgcp\gridpip.cpp(6704): warning C4305: “初始化”: 从“double”到“float”截断
e:\phd_file\related_resources_public_paper\gcp\2dgcp\2dgcp\gridpip.cpp(6706): warning C4244: “=”: 从“double”转换到“float”，可能丢失数据
e:\phd_file\related_resources_public_paper\gcp\2dgcp\2dgcp\gridpip.cpp(6707): warning C4244: “=”: 从“double”转换到“float”，可能丢失数据
e:\phd_file\related_resources_public_paper\gcp\2dgcp\2dgcp\gridpip.cpp(6773): warning C4244: “初始化”: 从“double”转换到“float”，可能丢失数据
e:\phd_file\related_resources_public_paper\gcp\2dgcp\2dgcp\gridpip.cpp(6774): warning C4244: “初始化”: 从“double”转换到“float”，可能丢失数据
e:\phd_file\related_resources_public_paper\gcp\2dgcp\2dgcp\gridpip.cpp(6776): warning C4244: “初始化”: 从“double”转换到“float”，可能丢失数据
e:\phd_file\related_resources_public_paper\gcp\2dgcp\2dgcp\gridpip.cpp(6777): warning C4244: “初始化”: 从“double”转换到“float”，可能丢失数据
e:\phd_file\related_resources_public_paper\gcp\2dgcp\2dgcp\gridpip.cpp(6815): warning C4244: “=”: 从“double”转换到“int”，可能丢失数据
e:\phd_file\related_resources_public_paper\gcp\2dgcp\2dgcp\gridpip.cpp(6816): warning C4244: “=”: 从“double”转换到“int”，可能丢失数据
e:\phd_file\related_resources_public_paper\gcp\2dgcp\2dgcp\gridpip.cpp(6821): warning C4244: “=”: 从“double”转换到“int”，可能丢失数据
e:\phd_file\related_resources_public_paper\gcp\2dgcp\2dgcp\gridpip.cpp(6822): warning C4244: “=”: 从“double”转换到“int”，可能丢失数据
e:\phd_file\related_resources_public_paper\gcp\2dgcp\2dgcp\gridpip.cpp(6852): warning C4244: “=”: 从“float”转换到“int”，可能丢失数据
e:\phd_file\related_resources_public_paper\gcp\2dgcp\2dgcp\gridpip.cpp(6860): warning C4244: “+=”: 从“double”转换到“float”，可能丢失数据
e:\phd_file\related_resources_public_paper\gcp\2dgcp\2dgcp\gridpip.cpp(6861): warning C4244: “+=”: 从“double”转换到“float”，可能丢失数据
e:\phd_file\related_resources_public_paper\gcp\2dgcp\2dgcp\gridpip.cpp(6866): warning C4244: “=”: 从“float”转换到“int”，可能丢失数据
e:\phd_file\related_resources_public_paper\gcp\2dgcp\2dgcp\gridpip.cpp(7032): warning C4244: “初始化”: 从“double”转换到“float”，可能丢失数据
e:\phd_file\related_resources_public_paper\gcp\2dgcp\2dgcp\gridpip.cpp(7033): warning C4244: “初始化”: 从“double”转换到“float”，可能丢失数据
e:\phd_file\related_resources_public_paper\gcp\2dgcp\2dgcp\gridpip.cpp(7038): warning C4305: “初始化”: 从“double”到“float”截断
e:\phd_file\related_resources_public_paper\gcp\2dgcp\2dgcp\gridpip.cpp(7060): warning C4244: “=”: 从“double”转换到“float”，可能丢失数据
e:\phd_file\related_resources_public_paper\gcp\2dgcp\2dgcp\gridpip.cpp(7067): warning C4244: “=”: 从“double”转换到“float”，可能丢失数据
e:\phd_file\related_resources_public_paper\gcp\2dgcp\2dgcp\gridpip.cpp(7074): warning C4244: “=”: 从“double”转换到“float”，可能丢失数据
e:\phd_file\related_resources_public_paper\gcp\2dgcp\2dgcp\gridpip.cpp(7081): warning C4244: “=”: 从“double”转换到“float”，可能丢失数据
e:\phd_file\related_resources_public_paper\gcp\2dgcp\2dgcp\gridpip.cpp(7090): warning C4244: “=”: 从“double”转换到“float”，可能丢失数据
e:\phd_file\related_resources_public_paper\gcp\2dgcp\2dgcp\gridpip.cpp(7097): warning C4244: “=”: 从“double”转换到“float”，可能丢失数据
e:\phd_file\related_resources_public_paper\gcp\2dgcp\2dgcp\gridpip.cpp(7104): warning C4244: “=”: 从“double”转换到“float”，可能丢失数据
e:\phd_file\related_resources_public_paper\gcp\2dgcp\2dgcp\gridpip.cpp(7111): warning C4244: “=”: 从“double”转换到“float”，可能丢失数据
e:\phd_file\related_resources_public_paper\gcp\2dgcp\2dgcp\gridpip.cpp(7120): warning C4244: “=”: 从“double”转换到“float”，可能丢失数据
e:\phd_file\related_resources_public_paper\gcp\2dgcp\2dgcp\gridpip.cpp(7127): warning C4244: “=”: 从“double”转换到“float”，可能丢失数据
e:\phd_file\related_resources_public_paper\gcp\2dgcp\2dgcp\gridpip.cpp(7134): warning C4244: “=”: 从“double”转换到“float”，可能丢失数据
e:\phd_file\related_resources_public_paper\gcp\2dgcp\2dgcp\gridpip.cpp(7141): warning C4244: “=”: 从“double”转换到“float”，可能丢失数据
e:\phd_file\related_resources_public_paper\gcp\2dgcp\2dgcp\gridpip.cpp(7150): warning C4244: “=”: 从“double”转换到“float”，可能丢失数据
e:\phd_file\related_resources_public_paper\gcp\2dgcp\2dgcp\gridpip.cpp(7157): warning C4244: “=”: 从“double”转换到“float”，可能丢失数据
e:\phd_file\related_resources_public_paper\gcp\2dgcp\2dgcp\gridpip.cpp(7164): warning C4244: “=”: 从“double”转换到“float”，可能丢失数据
e:\phd_file\related_resources_public_paper\gcp\2dgcp\2dgcp\gridpip.cpp(7171): warning C4244: “=”: 从“double”转换到“float”，可能丢失数据
e:\phd_file\related_resources_public_paper\gcp\2dgcp\2dgcp\gridpip.cpp(7949): warning C4244: “初始化”: 从“__int64”转换到“int”，可能丢失数据
  正在生成代码
  50 of 345 functions (14.5%) were compiled, the rest were copied from previous compilation.
    5 functions were new in current compilation
    1 functions had inline decision re-evaluated but remain unchanged
  已完成代码的生成
  2DGCP.vcxproj -> E:\PHD_FILE\Related_Resources_Public_Paper\GCP\2DGCP\x64\Release\2DGCP.exe
