  pch.cpp
  2DGCP.cpp
e:\phd_file\related_resources_public_paper\gcp\2dgcp\2dgcp\geometry.h(150): warning C4244: “=”: 从“double”转换到“float”，可能丢失数据
e:\phd_file\related_resources_public_paper\gcp\2dgcp\2dgcp\geometry.h(151): warning C4244: “=”: 从“double”转换到“float”，可能丢失数据
e:\phd_file\related_resources_public_paper\gcp\2dgcp\2dgcp\geometry.h(209): warning C4244: “=”: 从“double”转换到“float”，可能丢失数据
e:\phd_file\related_resources_public_paper\gcp\2dgcp\2dgcp\geometry.h(210): warning C4244: “=”: 从“double”转换到“float”，可能丢失数据
  2DRGP.cpp
e:\phd_file\related_resources_public_paper\gcp\2dgcp\2dgcp\geometry.h(150): warning C4244: “=”: 从“double”转换到“float”，可能丢失数据
e:\phd_file\related_resources_public_paper\gcp\2dgcp\2dgcp\geometry.h(151): warning C4244: “=”: 从“double”转换到“float”，可能丢失数据
e:\phd_file\related_resources_public_paper\gcp\2dgcp\2dgcp\geometry.h(209): warning C4244: “=”: 从“double”转换到“float”，可能丢失数据
e:\phd_file\related_resources_public_paper\gcp\2dgcp\2dgcp\geometry.h(210): warning C4244: “=”: 从“double”转换到“float”，可能丢失数据
  geometry.cpp
e:\phd_file\related_resources_public_paper\gcp\2dgcp\2dgcp\geometry.h(150): warning C4244: “=”: 从“double”转换到“float”，可能丢失数据
e:\phd_file\related_resources_public_paper\gcp\2dgcp\2dgcp\geometry.h(151): warning C4244: “=”: 从“double”转换到“float”，可能丢失数据
e:\phd_file\related_resources_public_paper\gcp\2dgcp\2dgcp\geometry.h(209): warning C4244: “=”: 从“double”转换到“float”，可能丢失数据
e:\phd_file\related_resources_public_paper\gcp\2dgcp\2dgcp\geometry.h(210): warning C4244: “=”: 从“double”转换到“float”，可能丢失数据
  gridpip.cpp
e:\phd_file\related_resources_public_paper\gcp\2dgcp\2dgcp\geometry.h(150): warning C4244: “=”: 从“double”转换到“float”，可能丢失数据
e:\phd_file\related_resources_public_paper\gcp\2dgcp\2dgcp\geometry.h(151): warning C4244: “=”: 从“double”转换到“float”，可能丢失数据
e:\phd_file\related_resources_public_paper\gcp\2dgcp\2dgcp\geometry.h(209): warning C4244: “=”: 从“double”转换到“float”，可能丢失数据
e:\phd_file\related_resources_public_paper\gcp\2dgcp\2dgcp\geometry.h(210): warning C4244: “=”: 从“double”转换到“float”，可能丢失数据
e:\phd_file\related_resources_public_paper\gcp\2dgcp\2dgcp\gridpip.cpp(129): warning C4244: “=”: 从“std::streamoff”转换到“int”，可能丢失数据
e:\phd_file\related_resources_public_paper\gcp\2dgcp\2dgcp\gridpip.cpp(331): warning C4244: “=”: 从“std::streamoff”转换到“int”，可能丢失数据
e:\phd_file\related_resources_public_paper\gcp\2dgcp\2dgcp\gridpip.cpp(440): warning C4244: “=”: 从“std::streamoff”转换到“int”，可能丢失数据
e:\phd_file\related_resources_public_paper\gcp\2dgcp\2dgcp\gridpip.cpp(445): warning C4101: “temp”: 未引用的局部变量
e:\phd_file\related_resources_public_paper\gcp\2dgcp\2dgcp\gridpip.cpp(594): warning C4244: “初始化”: 从“double”转换到“float”，可能丢失数据
e:\phd_file\related_resources_public_paper\gcp\2dgcp\2dgcp\gridpip.cpp(595): warning C4244: “初始化”: 从“double”转换到“float”，可能丢失数据
e:\phd_file\related_resources_public_paper\gcp\2dgcp\2dgcp\gridpip.cpp(611): warning C4244: “初始化”: 从“double”转换到“float”，可能丢失数据
e:\phd_file\related_resources_public_paper\gcp\2dgcp\2dgcp\gridpip.cpp(612): warning C4244: “初始化”: 从“double”转换到“float”，可能丢失数据
e:\phd_file\related_resources_public_paper\gcp\2dgcp\2dgcp\gridpip.cpp(613): warning C4244: “=”: 从“double”转换到“int”，可能丢失数据
e:\phd_file\related_resources_public_paper\gcp\2dgcp\2dgcp\gridpip.cpp(614): warning C4244: “=”: 从“double”转换到“int”，可能丢失数据
e:\phd_file\related_resources_public_paper\gcp\2dgcp\2dgcp\gridpip.cpp(620): warning C4244: “初始化”: 从“double”转换到“float”，可能丢失数据
e:\phd_file\related_resources_public_paper\gcp\2dgcp\2dgcp\gridpip.cpp(621): warning C4244: “初始化”: 从“double”转换到“float”，可能丢失数据
e:\phd_file\related_resources_public_paper\gcp\2dgcp\2dgcp\gridpip.cpp(627): warning C4244: “初始化”: 从“double”转换到“float”，可能丢失数据
e:\phd_file\related_resources_public_paper\gcp\2dgcp\2dgcp\gridpip.cpp(631): warning C4244: “=”: 从“float”转换到“int”，可能丢失数据
e:\phd_file\related_resources_public_paper\gcp\2dgcp\2dgcp\gridpip.cpp(632): warning C4244: “=”: 从“float”转换到“int”，可能丢失数据
e:\phd_file\related_resources_public_paper\gcp\2dgcp\2dgcp\gridpip.cpp(634): warning C4244: “=”: 从“double”转换到“float”，可能丢失数据
e:\phd_file\related_resources_public_paper\gcp\2dgcp\2dgcp\gridpip.cpp(638): warning C4244: “=”: 从“float”转换到“int”，可能丢失数据
e:\phd_file\related_resources_public_paper\gcp\2dgcp\2dgcp\gridpip.cpp(639): warning C4244: “=”: 从“float”转换到“int”，可能丢失数据
e:\phd_file\related_resources_public_paper\gcp\2dgcp\2dgcp\gridpip.cpp(641): warning C4244: “=”: 从“float”转换到“int”，可能丢失数据
e:\phd_file\related_resources_public_paper\gcp\2dgcp\2dgcp\gridpip.cpp(648): warning C4244: “=”: 从“double”转换到“int”，可能丢失数据
e:\phd_file\related_resources_public_paper\gcp\2dgcp\2dgcp\gridpip.cpp(649): warning C4244: “=”: 从“double”转换到“int”，可能丢失数据
e:\phd_file\related_resources_public_paper\gcp\2dgcp\2dgcp\gridpip.cpp(619): warning C4101: “Mo”: 未引用的局部变量
e:\phd_file\related_resources_public_paper\gcp\2dgcp\2dgcp\gridpip.cpp(1181): warning C4101: “temp”: 未引用的局部变量
e:\phd_file\related_resources_public_paper\gcp\2dgcp\2dgcp\gridpip.cpp(1585): warning C4101: “temp”: 未引用的局部变量
e:\phd_file\related_resources_public_paper\gcp\2dgcp\2dgcp\gridpip.cpp(2176): warning C4018: “<”: 有符号/无符号不匹配
e:\phd_file\related_resources_public_paper\gcp\2dgcp\2dgcp\gridpip.cpp(2178): warning C4018: “<”: 有符号/无符号不匹配
e:\phd_file\related_resources_public_paper\gcp\2dgcp\2dgcp\gridpip.cpp(2194): warning C4018: “<”: 有符号/无符号不匹配
e:\phd_file\related_resources_public_paper\gcp\2dgcp\2dgcp\gridpip.cpp(2196): warning C4018: “<”: 有符号/无符号不匹配
e:\phd_file\related_resources_public_paper\gcp\2dgcp\2dgcp\gridpip.cpp(2218): warning C4101: “x1”: 未引用的局部变量
e:\phd_file\related_resources_public_paper\gcp\2dgcp\2dgcp\gridpip.cpp(2218): warning C4101: “y”: 未引用的局部变量
e:\phd_file\related_resources_public_paper\gcp\2dgcp\2dgcp\gridpip.cpp(2218): warning C4101: “x”: 未引用的局部变量
e:\phd_file\related_resources_public_paper\gcp\2dgcp\2dgcp\gridpip.cpp(2218): warning C4101: “x0”: 未引用的局部变量
e:\phd_file\related_resources_public_paper\gcp\2dgcp\2dgcp\gridpip.cpp(2629): warning C4244: “初始化”: 从“double”转换到“float”，可能丢失数据
e:\phd_file\related_resources_public_paper\gcp\2dgcp\2dgcp\gridpip.cpp(2630): warning C4244: “初始化”: 从“double”转换到“float”，可能丢失数据
e:\phd_file\related_resources_public_paper\gcp\2dgcp\2dgcp\gridpip.cpp(2632): warning C4244: “=”: 从“double”转换到“float”，可能丢失数据
e:\phd_file\related_resources_public_paper\gcp\2dgcp\2dgcp\gridpip.cpp(2633): warning C4244: “=”: 从“double”转换到“float”，可能丢失数据
e:\phd_file\related_resources_public_paper\gcp\2dgcp\2dgcp\gridpip.cpp(2639): warning C4244: “初始化”: 从“float”转换到“int”，可能丢失数据
e:\phd_file\related_resources_public_paper\gcp\2dgcp\2dgcp\gridpip.cpp(2829): warning C4244: “初始化”: 从“double”转换到“float”，可能丢失数据
e:\phd_file\related_resources_public_paper\gcp\2dgcp\2dgcp\gridpip.cpp(2830): warning C4244: “初始化”: 从“double”转换到“float”，可能丢失数据
e:\phd_file\related_resources_public_paper\gcp\2dgcp\2dgcp\gridpip.cpp(2833): warning C4244: “初始化”: 从“double”转换到“float”，可能丢失数据
e:\phd_file\related_resources_public_paper\gcp\2dgcp\2dgcp\gridpip.cpp(2891): warning C4477: “fprintf”: 格式字符串“%s”需要类型“char *”的参数，但可变参数 1 拥有了类型“TCHAR *”
  e:\phd_file\related_resources_public_paper\gcp\2dgcp\2dgcp\gridpip.cpp(2891): note: 请考虑在格式字符串中使用“%ls”
  e:\phd_file\related_resources_public_paper\gcp\2dgcp\2dgcp\gridpip.cpp(2891): note: 请考虑在格式字符串中使用“%lls”
  e:\phd_file\related_resources_public_paper\gcp\2dgcp\2dgcp\gridpip.cpp(2891): note: 请考虑在格式字符串中使用“%Ls”
  e:\phd_file\related_resources_public_paper\gcp\2dgcp\2dgcp\gridpip.cpp(2891): note: 请考虑在格式字符串中使用“%ws”
e:\phd_file\related_resources_public_paper\gcp\2dgcp\2dgcp\gridpip.cpp(2945): warning C4244: “初始化”: 从“double”转换到“int”，可能丢失数据
e:\phd_file\related_resources_public_paper\gcp\2dgcp\2dgcp\gridpip.cpp(3078): warning C4244: “初始化”: 从“double”转换到“int”，可能丢失数据
e:\phd_file\related_resources_public_paper\gcp\2dgcp\2dgcp\gridpip.cpp(4010): warning C4305: “初始化”: 从“double”到“float”截断
e:\phd_file\related_resources_public_paper\gcp\2dgcp\2dgcp\gridpip.cpp(4012): warning C4244: “=”: 从“double”转换到“float”，可能丢失数据
e:\phd_file\related_resources_public_paper\gcp\2dgcp\2dgcp\gridpip.cpp(4013): warning C4244: “=”: 从“double”转换到“float”，可能丢失数据
e:\phd_file\related_resources_public_paper\gcp\2dgcp\2dgcp\gridpip.cpp(4079): warning C4244: “初始化”: 从“double”转换到“float”，可能丢失数据
e:\phd_file\related_resources_public_paper\gcp\2dgcp\2dgcp\gridpip.cpp(4080): warning C4244: “初始化”: 从“double”转换到“float”，可能丢失数据
e:\phd_file\related_resources_public_paper\gcp\2dgcp\2dgcp\gridpip.cpp(4082): warning C4244: “初始化”: 从“double”转换到“float”，可能丢失数据
e:\phd_file\related_resources_public_paper\gcp\2dgcp\2dgcp\gridpip.cpp(4083): warning C4244: “初始化”: 从“double”转换到“float”，可能丢失数据
e:\phd_file\related_resources_public_paper\gcp\2dgcp\2dgcp\gridpip.cpp(4121): warning C4244: “=”: 从“double”转换到“int”，可能丢失数据
e:\phd_file\related_resources_public_paper\gcp\2dgcp\2dgcp\gridpip.cpp(4122): warning C4244: “=”: 从“double”转换到“int”，可能丢失数据
e:\phd_file\related_resources_public_paper\gcp\2dgcp\2dgcp\gridpip.cpp(4127): warning C4244: “=”: 从“double”转换到“int”，可能丢失数据
e:\phd_file\related_resources_public_paper\gcp\2dgcp\2dgcp\gridpip.cpp(4128): warning C4244: “=”: 从“double”转换到“int”，可能丢失数据
e:\phd_file\related_resources_public_paper\gcp\2dgcp\2dgcp\gridpip.cpp(4158): warning C4244: “=”: 从“float”转换到“int”，可能丢失数据
e:\phd_file\related_resources_public_paper\gcp\2dgcp\2dgcp\gridpip.cpp(4166): warning C4244: “+=”: 从“double”转换到“float”，可能丢失数据
e:\phd_file\related_resources_public_paper\gcp\2dgcp\2dgcp\gridpip.cpp(4167): warning C4244: “+=”: 从“double”转换到“float”，可能丢失数据
e:\phd_file\related_resources_public_paper\gcp\2dgcp\2dgcp\gridpip.cpp(4172): warning C4244: “=”: 从“float”转换到“int”，可能丢失数据
e:\phd_file\related_resources_public_paper\gcp\2dgcp\2dgcp\gridpip.cpp(4338): warning C4244: “初始化”: 从“double”转换到“float”，可能丢失数据
e:\phd_file\related_resources_public_paper\gcp\2dgcp\2dgcp\gridpip.cpp(4339): warning C4244: “初始化”: 从“double”转换到“float”，可能丢失数据
e:\phd_file\related_resources_public_paper\gcp\2dgcp\2dgcp\gridpip.cpp(4344): warning C4305: “初始化”: 从“double”到“float”截断
e:\phd_file\related_resources_public_paper\gcp\2dgcp\2dgcp\gridpip.cpp(4366): warning C4244: “=”: 从“double”转换到“float”，可能丢失数据
e:\phd_file\related_resources_public_paper\gcp\2dgcp\2dgcp\gridpip.cpp(4373): warning C4244: “=”: 从“double”转换到“float”，可能丢失数据
e:\phd_file\related_resources_public_paper\gcp\2dgcp\2dgcp\gridpip.cpp(4380): warning C4244: “=”: 从“double”转换到“float”，可能丢失数据
e:\phd_file\related_resources_public_paper\gcp\2dgcp\2dgcp\gridpip.cpp(4387): warning C4244: “=”: 从“double”转换到“float”，可能丢失数据
e:\phd_file\related_resources_public_paper\gcp\2dgcp\2dgcp\gridpip.cpp(4396): warning C4244: “=”: 从“double”转换到“float”，可能丢失数据
e:\phd_file\related_resources_public_paper\gcp\2dgcp\2dgcp\gridpip.cpp(4403): warning C4244: “=”: 从“double”转换到“float”，可能丢失数据
e:\phd_file\related_resources_public_paper\gcp\2dgcp\2dgcp\gridpip.cpp(4410): warning C4244: “=”: 从“double”转换到“float”，可能丢失数据
e:\phd_file\related_resources_public_paper\gcp\2dgcp\2dgcp\gridpip.cpp(4417): warning C4244: “=”: 从“double”转换到“float”，可能丢失数据
e:\phd_file\related_resources_public_paper\gcp\2dgcp\2dgcp\gridpip.cpp(4426): warning C4244: “=”: 从“double”转换到“float”，可能丢失数据
e:\phd_file\related_resources_public_paper\gcp\2dgcp\2dgcp\gridpip.cpp(4433): warning C4244: “=”: 从“double”转换到“float”，可能丢失数据
e:\phd_file\related_resources_public_paper\gcp\2dgcp\2dgcp\gridpip.cpp(4440): warning C4244: “=”: 从“double”转换到“float”，可能丢失数据
e:\phd_file\related_resources_public_paper\gcp\2dgcp\2dgcp\gridpip.cpp(4447): warning C4244: “=”: 从“double”转换到“float”，可能丢失数据
e:\phd_file\related_resources_public_paper\gcp\2dgcp\2dgcp\gridpip.cpp(4456): warning C4244: “=”: 从“double”转换到“float”，可能丢失数据
e:\phd_file\related_resources_public_paper\gcp\2dgcp\2dgcp\gridpip.cpp(4463): warning C4244: “=”: 从“double”转换到“float”，可能丢失数据
e:\phd_file\related_resources_public_paper\gcp\2dgcp\2dgcp\gridpip.cpp(4470): warning C4244: “=”: 从“double”转换到“float”，可能丢失数据
e:\phd_file\related_resources_public_paper\gcp\2dgcp\2dgcp\gridpip.cpp(4477): warning C4244: “=”: 从“double”转换到“float”，可能丢失数据
  stdafx.cpp
  正在生成代码...
  2DGCP.vcxproj -> E:\PHD_FILE\Related_Resources_Public_Paper\GCP\2DGCP\Debug\2DGCP.exe
